{"meta": {"format": 3, "version": "7.13.4", "timestamp": "2026-03-03T05:58:39.998296", "branch_coverage": false, "show_contexts": false}, "files": {"src/vasp_lsp/__init__.py": {"executed_lines": [3], "summary": {"covered_lines": 1, "num_statements": 1, "percent_covered": 100.0, "percent_covered_display": "100", "missing_lines": 0, "excluded_lines": 0, "percent_statements_covered": 100.0, "percent_statements_covered_display": "100"}, "missing_lines": [], "excluded_lines": [], "functions": {"": {"executed_lines": [3], "summary": {"covered_lines": 1, "num_statements": 1, "percent_covered": 100.0, "percent_covered_display": "100", "missing_lines": 0, "excluded_lines": 0, "percent_statements_covered": 100.0, "percent_statements_covered_display": "100"}, "missing_lines": [], "excluded_lines": [], "start_line": 1}}, "classes": {"": {"executed_lines": [3], "summary": {"covered_lines": 1, "num_statements": 1, "percent_covered": 100.0, "percent_covered_display": "100", "missing_lines": 0, "excluded_lines": 0, "percent_statements_covered": 100.0, "percent_statements_covered_display": "100"}, "missing_lines": [], "excluded_lines": [], "start_line": 1}}}, "src/vasp_lsp/features/__init__.py": {"executed_lines": [3, 4, 5, 7], "summary": {"covered_lines": 4, "num_statements": 4, "percent_covered": 100.0, "percent_covered_display": "100", "missing_lines": 0, "excluded_lines": 0, "percent_statements_covered": 100.0, "percent_statements_covered_display": "100"}, "missing_lines": [], "excluded_lines": [], "functions": {"": {"executed_lines": [3, 4, 5, 7], "summary": {"covered_lines": 4, "num_statements": 4, "percent_covered": 100.0, "percent_covered_display": "100", "missing_lines": 0, "excluded_lines": 0, "percent_statements_covered": 100.0, "percent_statements_covered_display": "100"}, "missing_lines": [], "excluded_lines": [], "start_line": 1}}, "classes": {"": {"executed_lines": [3, 4, 5, 7], "summary": {"covered_lines": 4, "num_statements": 4, "percent_covered": 100.0, "percent_covered_display": "100", "missing_lines": 0, "excluded_lines": 0, "percent_statements_covered": 100.0, "percent_statements_covered_display": "100"}, "missing_lines": [], "excluded_lines": [], "start_line": 1}}}, "src/vasp_lsp/features/completion.py": {"executed_lines": [3, 4, 12, 15, 18, 20, 22, 38, 39, 42, 43, 44, 46, 47, 49, 50, 51, 53, 56, 58, 60, 69, 72, 73, 74, 75, 76, 77, 80, 82, 84, 87, 89, 99, 102, 104, 105, 108, 113, 114, 115, 116, 124, 128, 129, 131, 132, 133, 139, 141, 142, 143, 148, 150, 152, 161, 164, 166, 172, 174, 176, 182, 184, 186, 192, 194, 196, 202, 204, 206, 212, 214, 216, 225, 227, 229, 256, 257, 278], "summary": {"covered_lines": 79, "num_statements": 84, "percent_covered": 94.04761904761905, "percent_covered_display": "94", "missing_lines": 5, "excluded_lines": 0, "percent_statements_covered": 94.04761904761905, "percent_statements_covered_display": "94"}, "missing_lines": [52, 54, 81, 83, 85], "excluded_lines": [], "functions": {"CompletionProvider.__init__": {"executed_lines": [20], "summary": {"covered_lines": 1, "num_statements": 1, "percent_covered": 100.0, "percent_covered_display": "100", "missing_lines": 0, "excluded_lines": 0, "percent_statements_covered": 100.0, "percent_statements_covered_display": "100"}, "missing_lines": [], "excluded_lines": [], "start_line": 18}, "CompletionProvider.get_completions": {"executed_lines": [38, 39, 42, 43, 44, 46, 47, 49, 50, 51, 53, 56, 58], "summary": {"covered_lines": 13, "num_statements": 15, "percent_covered": 86.66666666666667, "percent_covered_display": "87", "missing_lines": 2, "excluded_lines": 0, "percent_statements_covered": 86.66666666666667, "percent_statements_covered_display": "87"}, "missing_lines": [52, 54], "excluded_lines": [], "start_line": 22}, "CompletionProvider._get_file_type": {"executed_lines": [69, 72, 73, 74, 75, 76, 77, 80, 82, 84, 87], "summary": {"covered_lines": 11, "num_statements": 14, "percent_covered": 78.57142857142857, "percent_covered_display": "79", "missing_lines": 3, "excluded_lines": 0, "percent_statements_covered": 78.57142857142857, "percent_statements_covered_display": "79"}, "missing_lines": [81, 83, 85], "excluded_lines": [], "start_line": 60}, "CompletionProvider._get_incar_completions": {"executed_lines": [99, 102, 104, 105, 108, 113, 114, 115, 116, 124, 128, 129, 131, 132, 133, 139, 141, 142, 143, 148, 150], "summary": {"covered_lines": 21, "num_statements": 21, "percent_covered": 100.0, "percent_covered_display": "100", "missing_lines": 0, "excluded_lines": 0, "percent_statements_covered": 100.0, "percent_statements_covered_display": "100"}, "missing_lines": [], "excluded_lines": [], "start_line": 89}, "CompletionProvider._get_poscar_completions": {"executed_lines": [161, 164, 166, 172, 174, 176, 182, 184, 186, 192, 194, 196, 202, 204, 206, 212, 214], "summary": {"covered_lines": 17, "num_statements": 17, "percent_covered": 100.0, "percent_covered_display": "100", "missing_lines": 0, "excluded_lines": 0, "percent_statements_covered": 100.0, "percent_statements_covered_display": "100"}, "missing_lines": [], "excluded_lines": [], "start_line": 152}, "CompletionProvider._get_kpoints_completions": {"executed_lines": [225, 227, 229, 256, 257, 278], "summary": {"covered_lines": 6, "num_statements": 6, "percent_covered": 100.0, "percent_covered_display": "100", "missing_lines": 0, "excluded_lines": 0, "percent_statements_covered": 100.0, "percent_statements_covered_display": "100"}, "missing_lines": [], "excluded_lines": [], "start_line": 216}, "": {"executed_lines": [3, 4, 12, 15, 18, 22, 60, 89, 152, 216], "summary": {"covered_lines": 10, "num_statements": 10, "percent_covered": 100.0, "percent_covered_display": "100", "missing_lines": 0, "excluded_lines": 0, "percent_statements_covered": 100.0, "percent_statements_covered_display": "100"}, "missing_lines": [], "excluded_lines": [], "start_line": 1}}, "classes": {"CompletionProvider": {"executed_lines": [20, 38, 39, 42, 43, 44, 46, 47, 49, 50, 51, 53, 56, 58, 69, 72, 73, 74, 75, 76, 77, 80, 82, 84, 87, 99, 102, 104, 105, 108, 113, 114, 115, 116, 124, 128, 129, 131, 132, 133, 139, 141, 142, 143, 148, 150, 161, 164, 166, 172, 174, 176, 182, 184, 186, 192, 194, 196, 202, 204, 206, 212, 214, 225, 227, 229, 256, 257, 278], "summary": {"covered_lines": 69, "num_statements": 74, "percent_covered": 93.24324324324324, "percent_covered_display": "93", "missing_lines": 5, "excluded_lines": 0, "percent_statements_covered": 93.24324324324324, "percent_statements_covered_display": "93"}, "missing_lines": [52, 54, 81, 83, 85], "excluded_lines": [], "start_line": 15}, "": {"executed_lines": [3, 4, 12, 15, 18, 22, 60, 89, 152, 216], "summary": {"covered_lines": 10, "num_statements": 10, "percent_covered": 100.0, "percent_covered_display": "100", "missing_lines": 0, "excluded_lines": 0, "percent_statements_covered": 100.0, "percent_statements_covered_display": "100"}, "missing_lines": [], "excluded_lines": [], "start_line": 1}}}, "src/vasp_lsp/features/diagnostics.py": {"executed_lines": [3, 4, 6, 7, 10, 13, 15, 17, 31, 33, 34, 35, 36, 37, 38, 40, 42, 44, 46, 47, 48, 49, 50, 51, 53, 55, 57, 60, 61, 64, 65, 70, 79, 82, 83, 84, 93, 96, 97, 98, 101, 103, 105, 107, 108, 111, 112, 113, 114, 116, 117, 118, 119, 128, 129, 140, 141, 142, 143, 152, 163, 165, 167, 170, 171, 173, 174, 175, 186, 187, 189, 190, 201, 202, 203, 204, 213, 214, 223, 224, 235, 236, 237, 238, 239, 240, 243, 244, 246, 247, 257, 259, 262, 264, 267], "summary": {"covered_lines": 95, "num_statements": 96, "percent_covered": 98.95833333333333, "percent_covered_display": "99", "missing_lines": 1, "excluded_lines": 0, "percent_statements_covered": 98.95833333333333, "percent_statements_covered_display": "99"}, "missing_lines": [153], "excluded_lines": [], "functions": {"DiagnosticsProvider.__init__": {"executed_lines": [15], "summary": {"covered_lines": 1, "num_statements": 1, "percent_covered": 100.0, "percent_covered_display": "100", "missing_lines": 0, "excluded_lines": 0, "percent_statements_covered": 100.0, "percent_statements_covered_display": "100"}, "missing_lines": [], "excluded_lines": [], "start_line": 13}, "DiagnosticsProvider.get_diagnostics": {"executed_lines": [31, 33, 34, 35, 36, 37, 38, 40], "summary": {"covered_lines": 8, "num_statements": 8, "percent_covered": 100.0, "percent_covered_display": "100", "missing_lines": 0, "excluded_lines": 0, "percent_statements_covered": 100.0, "percent_statements_covered_display": "100"}, "missing_lines": [], "excluded_lines": [], "start_line": 17}, "DiagnosticsProvider._get_file_type": {"executed_lines": [44, 46, 47, 48, 49, 50, 51, 53], "summary": {"covered_lines": 8, "num_statements": 8, "percent_covered": 100.0, "percent_covered_display": "100", "missing_lines": 0, "excluded_lines": 0, "percent_statements_covered": 100.0, "percent_statements_covered_display": "100"}, "missing_lines": [], "excluded_lines": [], "start_line": 42}, "DiagnosticsProvider._get_incar_diagnostics": {"executed_lines": [57, 60, 61, 64, 65, 70, 79, 82, 83, 84, 93, 96, 97, 98, 101, 103], "summary": {"covered_lines": 16, "num_statements": 16, "percent_covered": 100.0, "percent_covered_display": "100", "missing_lines": 0, "excluded_lines": 0, "percent_statements_covered": 100.0, "percent_statements_covered_display": "100"}, "missing_lines": [], "excluded_lines": [], "start_line": 55}, "DiagnosticsProvider._validate_incar_value": {"executed_lines": [107, 108, 111, 112, 113, 114, 116, 117, 118, 119, 128, 129, 140, 141, 142, 143, 152, 163], "summary": {"covered_lines": 18, "num_statements": 19, "percent_covered": 94.73684210526316, "percent_covered_display": "95", "missing_lines": 1, "excluded_lines": 0, "percent_statements_covered": 94.73684210526316, "percent_statements_covered_display": "95"}, "missing_lines": [153], "excluded_lines": [], "start_line": 105}, "DiagnosticsProvider._check_incar_dependencies": {"executed_lines": [167, 170, 171, 173, 174, 175, 186, 187, 189, 190, 201, 202, 203, 204, 213, 214, 223, 224, 235, 236, 237, 238, 239, 240, 243, 244, 246, 247, 257], "summary": {"covered_lines": 29, "num_statements": 29, "percent_covered": 100.0, "percent_covered_display": "100", "missing_lines": 0, "excluded_lines": 0, "percent_statements_covered": 100.0, "percent_statements_covered_display": "100"}, "missing_lines": [], "excluded_lines": [], "start_line": 165}, "DiagnosticsProvider._get_poscar_diagnostics": {"executed_lines": [262], "summary": {"covered_lines": 1, "num_statements": 1, "percent_covered": 100.0, "percent_covered_display": "100", "missing_lines": 0, "excluded_lines": 0, "percent_statements_covered": 100.0, "percent_statements_covered_display": "100"}, "missing_lines": [], "excluded_lines": [], "start_line": 259}, "DiagnosticsProvider._get_kpoints_diagnostics": {"executed_lines": [267], "summary": {"covered_lines": 1, "num_statements": 1, "percent_covered": 100.0, "percent_covered_display": "100", "missing_lines": 0, "excluded_lines": 0, "percent_statements_covered": 100.0, "percent_statements_covered_display": "100"}, "missing_lines": [], "excluded_lines": [], "start_line": 264}, "": {"executed_lines": [3, 4, 6, 7, 10, 13, 17, 42, 55, 105, 165, 259, 264], "summary": {"covered_lines": 13, "num_statements": 13, "percent_covered": 100.0, "percent_covered_display": "100", "missing_lines": 0, "excluded_lines": 0, "percent_statements_covered": 100.0, "percent_statements_covered_display": "100"}, "missing_lines": [], "excluded_lines": [], "start_line": 1}}, "classes": {"DiagnosticsProvider": {"executed_lines": [15, 31, 33, 34, 35, 36, 37, 38, 40, 44, 46, 47, 48, 49, 50, 51, 53, 57, 60, 61, 64, 65, 70, 79, 82, 83, 84, 93, 96, 97, 98, 101, 103, 107, 108, 111, 112, 113, 114, 116, 117, 118, 119, 128, 129, 140, 141, 142, 143, 152, 163, 167, 170, 171, 173, 174, 175, 186, 187, 189, 190, 201, 202, 203, 204, 213, 214, 223, 224, 235, 236, 237, 238, 239, 240, 243, 244, 246, 247, 257, 262, 267], "summary": {"covered_lines": 82, "num_statements": 83, "percent_covered": 98.79518072289157, "percent_covered_display": "99", "missing_lines": 1, "excluded_lines": 0, "percent_statements_covered": 98.79518072289157, "percent_statements_covered_display": "99"}, "missing_lines": [153], "excluded_lines": [], "start_line": 10}, "": {"executed_lines": [3, 4, 6, 7, 10, 13, 17, 42, 55, 105, 165, 259, 264], "summary": {"covered_lines": 13, "num_statements": 13, "percent_covered": 100.0, "percent_covered_display": "100", "missing_lines": 0, "excluded_lines": 0, "percent_statements_covered": 100.0, "percent_statements_covered_display": "100"}, "missing_lines": [], "excluded_lines": [], "start_line": 1}}}, "src/vasp_lsp/features/hover.py": {"executed_lines": [3, 4, 6, 9, 12, 14, 16, 32, 33, 35, 36, 37, 38, 39, 40, 42, 44, 53, 55, 56, 57, 58, 59, 60, 62, 64, 74, 75, 78, 81, 82, 83, 86, 87, 88, 95, 97, 107, 126, 127, 128, 137, 147, 156, 157, 158, 167, 177, 181, 182, 185, 186, 189, 190, 192], "summary": {"covered_lines": 55, "num_statements": 59, "percent_covered": 93.22033898305085, "percent_covered_display": "93", "missing_lines": 4, "excluded_lines": 0, "percent_statements_covered": 93.22033898305085, "percent_statements_covered_display": "93"}, "missing_lines": [76, 135, 165, 178], "excluded_lines": [], "functions": {"HoverProvider.__init__": {"executed_lines": [14], "summary": {"covered_lines": 1, "num_statements": 1, "percent_covered": 100.0, "percent_covered_display": "100", "missing_lines": 0, "excluded_lines": 0, "percent_statements_covered": 100.0, "percent_statements_covered_display": "100"}, "missing_lines": [], "excluded_lines": [], "start_line": 12}, "HoverProvider.get_hover": {"executed_lines": [32, 33, 35, 36, 37, 38, 39, 40, 42], "summary": {"covered_lines": 9, "num_statements": 9, "percent_covered": 100.0, "percent_covered_display": "100", "missing_lines": 0, "excluded_lines": 0, "percent_statements_covered": 100.0, "percent_statements_covered_display": "100"}, "missing_lines": [], "excluded_lines": [], "start_line": 16}, "HoverProvider._get_file_type": {"executed_lines": [53, 55, 56, 57, 58, 59, 60, 62], "summary": {"covered_lines": 8, "num_statements": 8, "percent_covered": 100.0, "percent_covered_display": "100", "missing_lines": 0, "excluded_lines": 0, "percent_statements_covered": 100.0, "percent_statements_covered_display": "100"}, "missing_lines": [], "excluded_lines": [], "start_line": 44}, "HoverProvider._get_incar_hover": {"executed_lines": [74, 75, 78, 81, 82, 83, 86, 87, 88, 95], "summary": {"covered_lines": 10, "num_statements": 11, "percent_covered": 90.9090909090909, "percent_covered_display": "91", "missing_lines": 1, "excluded_lines": 0, "percent_statements_covered": 90.9090909090909, "percent_statements_covered_display": "91"}, "missing_lines": [76], "excluded_lines": [], "start_line": 64}, "HoverProvider._get_poscar_hover": {"executed_lines": [107, 126, 127, 128], "summary": {"covered_lines": 4, "num_statements": 5, "percent_covered": 80.0, "percent_covered_display": "80", "missing_lines": 1, "excluded_lines": 0, "percent_statements_covered": 80.0, "percent_statements_covered_display": "80"}, "missing_lines": [135], "excluded_lines": [], "start_line": 97}, "HoverProvider._get_kpoints_hover": {"executed_lines": [147, 156, 157, 158], "summary": {"covered_lines": 4, "num_statements": 5, "percent_covered": 80.0, "percent_covered_display": "80", "missing_lines": 1, "excluded_lines": 0, "percent_statements_covered": 80.0, "percent_statements_covered_display": "80"}, "missing_lines": [165], "excluded_lines": [], "start_line": 137}, "HoverProvider._get_word_at_position": {"executed_lines": [177, 181, 182, 185, 186, 189, 190, 192], "summary": {"covered_lines": 8, "num_statements": 9, "percent_covered": 88.88888888888889, "percent_covered_display": "89", "missing_lines": 1, "excluded_lines": 0, "percent_statements_covered": 88.88888888888889, "percent_statements_covered_display": "89"}, "missing_lines": [178], "excluded_lines": [], "start_line": 167}, "": {"executed_lines": [3, 4, 6, 9, 12, 16, 44, 64, 97, 137, 167], "summary": {"covered_lines": 11, "num_statements": 11, "percent_covered": 100.0, "percent_covered_display": "100", "missing_lines": 0, "excluded_lines": 0, "percent_statements_covered": 100.0, "percent_statements_covered_display": "100"}, "missing_lines": [], "excluded_lines": [], "start_line": 1}}, "classes": {"HoverProvider": {"executed_lines": [14, 32, 33, 35, 36, 37, 38, 39, 40, 42, 53, 55, 56, 57, 58, 59, 60, 62, 74, 75, 78, 81, 82, 83, 86, 87, 88, 95, 107, 126, 127, 128, 147, 156, 157, 158, 177, 181, 182, 185, 186, 189, 190, 192], "summary": {"covered_lines": 44, "num_statements": 48, "percent_covered": 91.66666666666667, "percent_covered_display": "92", "missing_lines": 4, "excluded_lines": 0, "percent_statements_covered": 91.66666666666667, "percent_statements_covered_display": "92"}, "missing_lines": [76, 135, 165, 178], "excluded_lines": [], "start_line": 9}, "": {"executed_lines": [3, 4, 6, 9, 12, 16, 44, 64, 97, 137, 167], "summary": {"covered_lines": 11, "num_statements": 11, "percent_covered": 100.0, "percent_covered_display": "100", "missing_lines": 0, "excluded_lines": 0, "percent_statements_covered": 100.0, "percent_statements_covered_display": "100"}, "missing_lines": [], "excluded_lines": [], "start_line": 1}}}, "src/vasp_lsp/parsers/__init__.py": {"executed_lines": [3, 4, 5, 7], "summary": {"covered_lines": 4, "num_statements": 4, "percent_covered": 100.0, "percent_covered_display": "100", "missing_lines": 0, "excluded_lines": 0, "percent_statements_covered": 100.0, "percent_statements_covered_display": "100"}, "missing_lines": [], "excluded_lines": [], "functions": {"": {"executed_lines": [3, 4, 5, 7], "summary": {"covered_lines": 4, "num_statements": 4, "percent_covered": 100.0, "percent_covered_display": "100", "missing_lines": 0, "excluded_lines": 0, "percent_statements_covered": 100.0, "percent_statements_covered_display": "100"}, "missing_lines": [], "excluded_lines": [], "start_line": 1}}, "classes": {"": {"executed_lines": [3, 4, 5, 7], "summary": {"covered_lines": 4, "num_statements": 4, "percent_covered": 100.0, "percent_covered_display": "100", "missing_lines": 0, "excluded_lines": 0, "percent_statements_covered": 100.0, "percent_statements_covered_display": "100"}, "missing_lines": [], "excluded_lines": [], "start_line": 1}}}, "src/vasp_lsp/parsers/incar_parser.py": {"executed_lines": [3, 4, 5, 8, 9, 11, 12, 13, 14, 15, 16, 19, 25, 31, 33, 39, 40, 41, 42, 44, 50, 51, 53, 54, 55, 56, 57, 58, 64, 73, 75, 86, 87, 88, 91, 92, 94, 95, 101, 103, 104, 107, 110, 112, 121, 130, 133, 134, 135, 136, 139, 140, 141, 142, 145, 146, 147, 148, 151, 152, 153, 154, 155, 156, 157, 158, 159, 162, 165, 167, 176, 178, 187, 189, 195, 197, 203], "summary": {"covered_lines": 77, "num_statements": 81, "percent_covered": 95.06172839506173, "percent_covered_display": "95", "missing_lines": 4, "excluded_lines": 0, "percent_statements_covered": 95.06172839506173, "percent_statements_covered_display": "95"}, "missing_lines": [65, 66, 160, 161], "excluded_lines": [], "functions": {"INCARParser.__init__": {"executed_lines": [39, 40, 41, 42], "summary": {"covered_lines": 4, "num_statements": 4, "percent_covered": 100.0, "percent_covered_display": "100", "missing_lines": 0, "excluded_lines": 0, "percent_statements_covered": 100.0, "percent_statements_covered_display": "100"}, "missing_lines": [], "excluded_lines": [], "start_line": 33}, "INCARParser.parse": {"executed_lines": [50, 51, 53, 54, 55, 56, 57, 58, 64, 73], "summary": {"covered_lines": 10, "num_statements": 12, "percent_covered": 83.33333333333333, "percent_covered_display": "83", "missing_lines": 2, "excluded_lines": 0, "percent_statements_covered": 83.33333333333333, "percent_statements_covered_display": "83"}, "missing_lines": [65, 66], "excluded_lines": [], "start_line": 44}, "INCARParser._parse_line": {"executed_lines": [86, 87, 88, 91, 92, 94, 95, 101, 103, 104, 107, 110, 112], "summary": {"covered_lines": 13, "num_statements": 13, "percent_covered": 100.0, "percent_covered_display": "100", "missing_lines": 0, "excluded_lines": 0, "percent_statements_covered": 100.0, "percent_statements_covered_display": "100"}, "missing_lines": [], "excluded_lines": [], "start_line": 75}, "INCARParser._parse_value": {"executed_lines": [130, 133, 134, 135, 136, 139, 140, 141, 142, 145, 146, 147, 148, 151, 152, 153, 154, 155, 156, 157, 158, 159, 162, 165], "summary": {"covered_lines": 24, "num_statements": 26, "percent_covered": 92.3076923076923, "percent_covered_display": "92", "missing_lines": 2, "excluded_lines": 0, "percent_statements_covered": 92.3076923076923, "percent_statements_covered_display": "92"}, "missing_lines": [160, 161], "excluded_lines": [], "start_line": 121}, "INCARParser.get_parameter": {"executed_lines": [176], "summary": {"covered_lines": 1, "num_statements": 1, "percent_covered": 100.0, "percent_covered_display": "100", "missing_lines": 0, "excluded_lines": 0, "percent_statements_covered": 100.0, "percent_statements_covered_display": "100"}, "missing_lines": [], "excluded_lines": [], "start_line": 167}, "INCARParser.has_parameter": {"executed_lines": [187], "summary": {"covered_lines": 1, "num_statements": 1, "percent_covered": 100.0, "percent_covered_display": "100", "missing_lines": 0, "excluded_lines": 0, "percent_statements_covered": 100.0, "percent_statements_covered_display": "100"}, "missing_lines": [], "excluded_lines": [], "start_line": 178}, "INCARParser.get_all_parameters": {"executed_lines": [195], "summary": {"covered_lines": 1, "num_statements": 1, "percent_covered": 100.0, "percent_covered_display": "100", "missing_lines": 0, "excluded_lines": 0, "percent_statements_covered": 100.0, "percent_statements_covered_display": "100"}, "missing_lines": [], "excluded_lines": [], "start_line": 189}, "INCARParser.get_errors": {"executed_lines": [203], "summary": {"covered_lines": 1, "num_statements": 1, "percent_covered": 100.0, "percent_covered_display": "100", "missing_lines": 0, "excluded_lines": 0, "percent_statements_covered": 100.0, "percent_statements_covered_display": "100"}, "missing_lines": [], "excluded_lines": [], "start_line": 197}, "": {"executed_lines": [3, 4, 5, 8, 9, 11, 12, 13, 14, 15, 16, 19, 25, 31, 33, 44, 75, 121, 167, 178, 189, 197], "summary": {"covered_lines": 22, "num_statements": 22, "percent_covered": 100.0, "percent_covered_display": "100", "missing_lines": 0, "excluded_lines": 0, "percent_statements_covered": 100.0, "percent_statements_covered_display": "100"}, "missing_lines": [], "excluded_lines": [], "start_line": 1}}, "classes": {"INCARParameter": {"executed_lines": [], "summary": {"covered_lines": 0, "num_statements": 0, "percent_covered": 100.0, "percent_covered_display": "100", "missing_lines": 0, "excluded_lines": 0, "percent_statements_covered": 100.0, "percent_statements_covered_display": "100"}, "missing_lines": [], "excluded_lines": [], "start_line": 9}, "INCARParser": {"executed_lines": [39, 40, 41, 42, 50, 51, 53, 54, 55, 56, 57, 58, 64, 73, 86, 87, 88, 91, 92, 94, 95, 101, 103, 104, 107, 110, 112, 130, 133, 134, 135, 136, 139, 140, 141, 142, 145, 146, 147, 148, 151, 152, 153, 154, 155, 156, 157, 158, 159, 162, 165, 176, 187, 195, 203], "summary": {"covered_lines": 55, "num_statements": 59, "percent_covered": 93.22033898305085, "percent_covered_display": "93", "missing_lines": 4, "excluded_lines": 0, "percent_statements_covered": 93.22033898305085, "percent_statements_covered_display": "93"}, "missing_lines": [65, 66, 160, 161], "excluded_lines": [], "start_line": 19}, "": {"executed_lines": [3, 4, 5, 8, 9, 11, 12, 13, 14, 15, 16, 19, 25, 31, 33, 44, 75, 121, 167, 178, 189, 197], "summary": {"covered_lines": 22, "num_statements": 22, "percent_covered": 100.0, "percent_covered_display": "100", "missing_lines": 0, "excluded_lines": 0, "percent_statements_covered": 100.0, "percent_statements_covered_display": "100"}, "missing_lines": [], "excluded_lines": [], "start_line": 1}}}, "src/vasp_lsp/parsers/kpoints_parser.py": {"executed_lines": [3, 4, 5, 8, 10, 11, 12, 13, 16, 17, 19, 20, 21, 22, 23, 24, 26, 27, 30, 33, 39, 40, 41, 42, 44, 50, 52, 53, 56, 57, 59, 60, 65, 68, 69, 72, 73, 76, 80, 81, 82, 83, 88, 91, 99, 100, 102, 104, 105, 107, 108, 110, 111, 113, 115, 120, 130, 140, 142, 143, 144, 149, 150, 151, 154, 155, 156, 157, 158, 160, 167, 168, 173, 175, 189, 191, 192, 193, 198, 199, 200, 203, 204, 205, 206, 207, 209, 216, 217, 222, 224, 238, 239, 240, 242, 243, 251, 252, 253, 258, 260, 261, 262, 263, 264, 266, 272, 273, 278, 280, 329, 335], "summary": {"covered_lines": 112, "num_statements": 142, "percent_covered": 78.87323943661971, "percent_covered_display": "79", "missing_lines": 30, "excluded_lines": 0, "percent_statements_covered": 78.87323943661971, "percent_statements_covered_display": "79"}, "missing_lines": [77, 92, 97, 122, 123, 128, 244, 249, 290, 292, 293, 294, 297, 298, 300, 301, 303, 304, 305, 306, 307, 309, 310, 311, 312, 313, 315, 321, 322, 327], "excluded_lines": [], "functions": {"KPOINTSParser.__init__": {"executed_lines": [39, 40, 41, 42], "summary": {"covered_lines": 4, "num_statements": 4, "percent_covered": 100.0, "percent_covered_display": "100", "missing_lines": 0, "excluded_lines": 0, "percent_statements_covered": 100.0, "percent_statements_covered_display": "100"}, "missing_lines": [], "excluded_lines": [], "start_line": 33}, "KPOINTSParser.parse": {"executed_lines": [50, 52, 53, 56, 57, 59, 60, 65, 68, 69, 72, 73, 76, 80, 81, 82, 83, 88, 91, 99, 100, 102, 104, 105, 107, 108, 110, 111, 113, 115, 120], "summary": {"covered_lines": 31, "num_statements": 37, "percent_covered": 83.78378378378379, "percent_covered_display": "84", "missing_lines": 6, "excluded_lines": 0, "percent_statements_covered": 83.78378378378379, "percent_statements_covered_display": "84"}, "missing_lines": [77, 92, 97, 122, 123, 128], "excluded_lines": [], "start_line": 44}, "KPOINTSParser._parse_automatic_mode": {"executed_lines": [140, 142, 143, 144, 149, 150, 151, 154, 155, 156, 157, 158, 160, 167, 168, 173], "summary": {"covered_lines": 16, "num_statements": 16, "percent_covered": 100.0, "percent_covered_display": "100", "missing_lines": 0, "excluded_lines": 0, "percent_statements_covered": 100.0, "percent_statements_covered_display": "100"}, "missing_lines": [], "excluded_lines": [], "start_line": 130}, "KPOINTSParser._parse_gamma_monkhorst_mode": {"executed_lines": [189, 191, 192, 193, 198, 199, 200, 203, 204, 205, 206, 207, 209, 216, 217, 222], "summary": {"covered_lines": 16, "num_statements": 16, "percent_covered": 100.0, "percent_covered_display": "100", "missing_lines": 0, "excluded_lines": 0, "percent_statements_covered": 100.0, "percent_statements_covered_display": "100"}, "missing_lines": [], "excluded_lines": [], "start_line": 175}, "KPOINTSParser._parse_explicit_mode": {"executed_lines": [238, 239, 240, 242, 243, 251, 252, 253, 258, 260, 261, 262, 263, 264, 266, 272, 273, 278], "summary": {"covered_lines": 18, "num_statements": 20, "percent_covered": 90.0, "percent_covered_display": "90", "missing_lines": 2, "excluded_lines": 0, "percent_statements_covered": 90.0, "percent_statements_covered_display": "90"}, "missing_lines": [244, 249], "excluded_lines": [], "start_line": 224}, "KPOINTSParser._parse_line_mode": {"executed_lines": [], "summary": {"covered_lines": 0, "num_statements": 22, "percent_covered": 0.0, "percent_covered_display": "0", "missing_lines": 22, "excluded_lines": 0, "percent_statements_covered": 0.0, "percent_statements_covered_display": "0"}, "missing_lines": [290, 292, 293, 294, 297, 298, 300, 301, 303, 304, 305, 306, 307, 309, 310, 311, 312, 313, 315, 321, 322, 327], "excluded_lines": [], "start_line": 280}, "KPOINTSParser.get_errors": {"executed_lines": [335], "summary": {"covered_lines": 1, "num_statements": 1, "percent_covered": 100.0, "percent_covered_display": "100", "missing_lines": 0, "excluded_lines": 0, "percent_statements_covered": 100.0, "percent_statements_covered_display": "100"}, "missing_lines": [], "excluded_lines": [], "start_line": 329}, "": {"executed_lines": [3, 4, 5, 8, 10, 11, 12, 13, 16, 17, 19, 20, 21, 22, 23, 24, 26, 27, 30, 33, 44, 130, 175, 224, 280, 329], "summary": {"covered_lines": 26, "num_statements": 26, "percent_covered": 100.0, "percent_covered_display": "100", "missing_lines": 0, "excluded_lines": 0, "percent_statements_covered": 100.0, "percent_statements_covered_display": "100"}, "missing_lines": [], "excluded_lines": [], "start_line": 1}}, "classes": {"KPOINTSMode": {"executed_lines": [], "summary": {"covered_lines": 0, "num_statements": 0, "percent_covered": 100.0, "percent_covered_display": "100", "missing_lines": 0, "excluded_lines": 0, "percent_statements_covered": 100.0, "percent_statements_covered_display": "100"}, "missing_lines": [], "excluded_lines": [], "start_line": 8}, "KPOINTSData": {"executed_lines": [], "summary": {"covered_lines": 0, "num_statements": 0, "percent_covered": 100.0, "percent_covered_display": "100", "missing_lines": 0, "excluded_lines": 0, "percent_statements_covered": 100.0, "percent_statements_covered_display": "100"}, "missing_lines": [], "excluded_lines": [], "start_line": 17}, "KPOINTSParser": {"executed_lines": [39, 40, 41, 42, 50, 52, 53, 56, 57, 59, 60, 65, 68, 69, 72, 73, 76, 80, 81, 82, 83, 88, 91, 99, 100, 102, 104, 105, 107, 108, 110, 111, 113, 115, 120, 140, 142, 143, 144, 149, 150, 151, 154, 155, 156, 157, 158, 160, 167, 168, 173, 189, 191, 192, 193, 198, 199, 200, 203, 204, 205, 206, 207, 209, 216, 217, 222, 238, 239, 240, 242, 243, 251, 252, 253, 258, 260, 261, 262, 263, 264, 266, 272, 273, 278, 335], "summary": {"covered_lines": 86, "num_statements": 116, "percent_covered": 74.13793103448276, "percent_covered_display": "74", "missing_lines": 30, "excluded_lines": 0, "percent_statements_covered": 74.13793103448276, "percent_statements_covered_display": "74"}, "missing_lines": [77, 92, 97, 122, 123, 128, 244, 249, 290, 292, 293, 294, 297, 298, 300, 301, 303, 304, 305, 306, 307, 309, 310, 311, 312, 313, 315, 321, 322, 327], "excluded_lines": [], "start_line": 30}, "": {"executed_lines": [3, 4, 5, 8, 10, 11, 12, 13, 16, 17, 19, 20, 21, 22, 23, 24, 26, 27, 30, 33, 44, 130, 175, 224, 280, 329], "summary": {"covered_lines": 26, "num_statements": 26, "percent_covered": 100.0, "percent_covered_display": "100", "missing_lines": 0, "excluded_lines": 0, "percent_statements_covered": 100.0, "percent_statements_covered_display": "100"}, "missing_lines": [], "excluded_lines": [], "start_line": 1}}}, "src/vasp_lsp/parsers/poscar_parser.py": {"executed_lines": [3, 4, 5, 8, 9, 11, 12, 13, 14, 15, 16, 17, 18, 21, 24, 30, 31, 32, 33, 35, 41, 43, 44, 47, 48, 51, 52, 53, 54, 59, 60, 63, 64, 65, 66, 67, 68, 69, 70, 71, 72, 77, 78, 81, 83, 84, 85, 87, 90, 91, 92, 98, 99, 104, 105, 108, 109, 112, 113, 114, 115, 116, 117, 120, 121, 122, 123, 125, 130, 131, 134, 135, 136, 137, 139, 140, 141, 142, 143, 144, 145, 148, 149, 150, 157, 159, 160, 165, 166, 168, 179, 189, 195], "summary": {"covered_lines": 93, "num_statements": 98, "percent_covered": 94.89795918367346, "percent_covered_display": "95", "missing_lines": 5, "excluded_lines": 0, "percent_statements_covered": 94.89795918367346, "percent_statements_covered_display": "95"}, "missing_lines": [93, 156, 181, 182, 187], "excluded_lines": [], "functions": {"POSCARParser.__init__": {"executed_lines": [30, 31, 32, 33], "summary": {"covered_lines": 4, "num_statements": 4, "percent_covered": 100.0, "percent_covered_display": "100", "missing_lines": 0, "excluded_lines": 0, "percent_statements_covered": 100.0, "percent_statements_covered_display": "100"}, "missing_lines": [], "excluded_lines": [], "start_line": 24}, "POSCARParser.parse": {"executed_lines": [41, 43, 44, 47, 48, 51, 52, 53, 54, 59, 60, 63, 64, 65, 66, 67, 68, 69, 70, 71, 72, 77, 78, 81, 83, 84, 85, 87, 90, 91, 92, 98, 99, 104, 105, 108, 109, 112, 113, 114, 115, 116, 117, 120, 121, 122, 123, 125, 130, 131, 134, 135, 136, 137, 139, 140, 141, 142, 143, 144, 145, 148, 149, 150, 157, 159, 160, 165, 166, 168, 179], "summary": {"covered_lines": 71, "num_statements": 76, "percent_covered": 93.42105263157895, "percent_covered_display": "93", "missing_lines": 5, "excluded_lines": 0, "percent_statements_covered": 93.42105263157895, "percent_statements_covered_display": "93"}, "missing_lines": [93, 156, 181, 182, 187], "excluded_lines": [], "start_line": 35}, "POSCARParser.get_errors": {"executed_lines": [195], "summary": {"covered_lines": 1, "num_statements": 1, "percent_covered": 100.0, "percent_covered_display": "100", "missing_lines": 0, "excluded_lines": 0, "percent_statements_covered": 100.0, "percent_statements_covered_display": "100"}, "missing_lines": [], "excluded_lines": [], "start_line": 189}, "": {"executed_lines": [3, 4, 5, 8, 9, 11, 12, 13, 14, 15, 16, 17, 18, 21, 24, 35, 189], "summary": {"covered_lines": 17, "num_statements": 17, "percent_covered": 100.0, "percent_covered_display": "100", "missing_lines": 0, "excluded_lines": 0, "percent_statements_covered": 100.0, "percent_statements_covered_display": "100"}, "missing_lines": [], "excluded_lines": [], "start_line": 1}}, "classes": {"POSCARData": {"executed_lines": [], "summary": {"covered_lines": 0, "num_statements": 0, "percent_covered": 100.0, "percent_covered_display": "100", "missing_lines": 0, "excluded_lines": 0, "percent_statements_covered": 100.0, "percent_statements_covered_display": "100"}, "missing_lines": [], "excluded_lines": [], "start_line": 9}, "POSCARParser": {"executed_lines": [30, 31, 32, 33, 41, 43, 44, 47, 48, 51, 52, 53, 54, 59, 60, 63, 64, 65, 66, 67, 68, 69, 70, 71, 72, 77, 78, 81, 83, 84, 85, 87, 90, 91, 92, 98, 99, 104, 105, 108, 109, 112, 113, 114, 115, 116, 117, 120, 121, 122, 123, 125, 130, 131, 134, 135, 136, 137, 139, 140, 141, 142, 143, 144, 145, 148, 149, 150, 157, 159, 160, 165, 166, 168, 179, 195], "summary": {"covered_lines": 76, "num_statements": 81, "percent_covered": 93.82716049382717, "percent_covered_display": "94", "missing_lines": 5, "excluded_lines": 0, "percent_statements_covered": 93.82716049382717, "percent_statements_covered_display": "94"}, "missing_lines": [93, 156, 181, 182, 187], "excluded_lines": [], "start_line": 21}, "": {"executed_lines": [3, 4, 5, 8, 9, 11, 12, 13, 14, 15, 16, 17, 18, 21, 24, 35, 189], "summary": {"covered_lines": 17, "num_statements": 17, "percent_covered": 100.0, "percent_covered_display": "100", "missing_lines": 0, "excluded_lines": 0, "percent_statements_covered": 100.0, "percent_statements_covered_display": "100"}, "missing_lines": [], "excluded_lines": [], "start_line": 1}}}, "src/vasp_lsp/schemas/__init__.py": {"executed_lines": [3, 5], "summary": {"covered_lines": 2, "num_statements": 2, "percent_covered": 100.0, "percent_covered_display": "100", "missing_lines": 0, "excluded_lines": 0, "percent_statements_covered": 100.0, "percent_statements_covered_display": "100"}, "missing_lines": [], "excluded_lines": [], "functions": {"": {"executed_lines": [3, 5], "summary": {"covered_lines": 2, "num_statements": 2, "percent_covered": 100.0, "percent_covered_display": "100", "missing_lines": 0, "excluded_lines": 0, "percent_statements_covered": 100.0, "percent_statements_covered_display": "100"}, "missing_lines": [], "excluded_lines": [], "start_line": 1}}, "classes": {"": {"executed_lines": [3, 5], "summary": {"covered_lines": 2, "num_statements": 2, "percent_covered": 100.0, "percent_covered_display": "100", "missing_lines": 0, "excluded_lines": 0, "percent_statements_covered": 100.0, "percent_statements_covered_display": "100"}, "missing_lines": [], "excluded_lines": [], "start_line": 1}}}, "src/vasp_lsp/schemas/incar_tags.py": {"executed_lines": [7, 8, 11, 12, 15, 16, 17, 18, 19, 20, 21, 22, 23, 24, 26, 28, 29, 30, 31, 32, 33, 34, 35, 36, 37, 38, 39, 40, 41, 42, 43, 44, 48, 511, 514, 523, 526, 535, 536, 537, 538, 539, 540], "summary": {"covered_lines": 43, "num_statements": 43, "percent_covered": 100.0, "percent_covered_display": "100", "missing_lines": 0, "excluded_lines": 0, "percent_statements_covered": 100.0, "percent_statements_covered_display": "100"}, "missing_lines": [], "excluded_lines": [], "functions": {"INCARTag.to_markdown": {"executed_lines": [28, 29, 30, 31, 32, 33, 34, 35, 36, 37, 38, 39, 40, 41, 42, 43, 44], "summary": {"covered_lines": 17, "num_statements": 17, "percent_covered": 100.0, "percent_covered_display": "100", "missing_lines": 0, "excluded_lines": 0, "percent_statements_covered": 100.0, "percent_statements_covered_display": "100"}, "missing_lines": [], "excluded_lines": [], "start_line": 26}, "get_tag_info": {"executed_lines": [523], "summary": {"covered_lines": 1, "num_statements": 1, "percent_covered": 100.0, "percent_covered_display": "100", "missing_lines": 0, "excluded_lines": 0, "percent_statements_covered": 100.0, "percent_statements_covered_display": "100"}, "missing_lines": [], "excluded_lines": [], "start_line": 514}, "search_tags": {"executed_lines": [535, 536, 537, 538, 539, 540], "summary": {"covered_lines": 6, "num_statements": 6, "percent_covered": 100.0, "percent_covered_display": "100", "missing_lines": 0, "excluded_lines": 0, "percent_statements_covered": 100.0, "percent_statements_covered_display": "100"}, "missing_lines": [], "excluded_lines": [], "start_line": 526}, "": {"executed_lines": [7, 8, 11, 12, 15, 16, 17, 18, 19, 20, 21, 22, 23, 24, 26, 48, 511, 514, 526], "summary": {"covered_lines": 19, "num_statements": 19, "percent_covered": 100.0, "percent_covered_display": "100", "missing_lines": 0, "excluded_lines": 0, "percent_statements_covered": 100.0, "percent_statements_covered_display": "100"}, "missing_lines": [], "excluded_lines": [], "start_line": 1}}, "classes": {"INCARTag": {"executed_lines": [28, 29, 30, 31, 32, 33, 34, 35, 36, 37, 38, 39, 40, 41, 42, 43, 44], "summary": {"covered_lines": 17, "num_statements": 17, "percent_covered": 100.0, "percent_covered_display": "100", "missing_lines": 0, "excluded_lines": 0, "percent_statements_covered": 100.0, "percent_statements_covered_display": "100"}, "missing_lines": [], "excluded_lines": [], "start_line": 12}, "": {"executed_lines": [7, 8, 11, 12, 15, 16, 17, 18, 19, 20, 21, 22, 23, 24, 26, 48, 511, 514, 523, 526, 535, 536, 537, 538, 539, 540], "summary": {"covered_lines": 26, "num_statements": 26, "percent_covered": 100.0, "percent_covered_display": "100", "missing_lines": 0, "excluded_lines": 0, "percent_statements_covered": 100.0, "percent_statements_covered_display": "100"}, "missing_lines": [], "excluded_lines": [], "start_line": 1}}}, "src/vasp_lsp/server.py": {"executed_lines": [7, 8, 9, 11, 29, 31, 32, 33, 36, 37, 40, 43, 44, 45, 46, 47, 50, 52, 54, 56, 58, 62, 65, 66, 68, 69, 71, 83, 86, 87, 89, 90, 91, 94, 97, 98, 100, 102, 103, 104, 105, 108, 109, 111, 112, 113, 114, 117, 118, 120, 121, 123, 124, 126, 131, 132, 134, 135, 137, 138, 140, 143, 145, 146, 149, 151, 152, 157, 162, 167, 173, 179, 181, 182, 183, 185, 186, 189], "summary": {"covered_lines": 78, "num_statements": 79, "percent_covered": 98.73417721518987, "percent_covered_display": "99", "missing_lines": 1, "excluded_lines": 0, "percent_statements_covered": 98.73417721518987, "percent_statements_covered_display": "99"}, "missing_lines": [190], "excluded_lines": [], "functions": {"VASPLanguageServer.__init__": {"executed_lines": [44, 45, 46, 47, 50], "summary": {"covered_lines": 5, "num_statements": 5, "percent_covered": 100.0, "percent_covered_display": "100", "missing_lines": 0, "excluded_lines": 0, "percent_statements_covered": 100.0, "percent_statements_covered_display": "100"}, "missing_lines": [], "excluded_lines": [], "start_line": 43}, "VASPLanguageServer.get_document_content": {"executed_lines": [54], "summary": {"covered_lines": 1, "num_statements": 1, "percent_covered": 100.0, "percent_covered_display": "100", "missing_lines": 0, "excluded_lines": 0, "percent_statements_covered": 100.0, "percent_statements_covered_display": "100"}, "missing_lines": [], "excluded_lines": [], "start_line": 52}, "VASPLanguageServer.set_document_content": {"executed_lines": [58], "summary": {"covered_lines": 1, "num_statements": 1, "percent_covered": 100.0, "percent_covered_display": "100", "missing_lines": 0, "excluded_lines": 0, "percent_statements_covered": 100.0, "percent_statements_covered_display": "100"}, "missing_lines": [], "excluded_lines": [], "start_line": 56}, "initialize": {"executed_lines": [68, 69, 71, 83], "summary": {"covered_lines": 4, "num_statements": 4, "percent_covered": 100.0, "percent_covered_display": "100", "missing_lines": 0, "excluded_lines": 0, "percent_statements_covered": 100.0, "percent_statements_covered_display": "100"}, "missing_lines": [], "excluded_lines": [], "start_line": 66}, "text_document_did_open": {"executed_lines": [89, 90, 91, 94], "summary": {"covered_lines": 4, "num_statements": 4, "percent_covered": 100.0, "percent_covered_display": "100", "missing_lines": 0, "excluded_lines": 0, "percent_statements_covered": 100.0, "percent_statements_covered_display": "100"}, "missing_lines": [], "excluded_lines": [], "start_line": 87}, "text_document_did_change": {"executed_lines": [100, 102, 103, 104, 105], "summary": {"covered_lines": 5, "num_statements": 5, "percent_covered": 100.0, "percent_covered_display": "100", "missing_lines": 0, "excluded_lines": 0, "percent_statements_covered": 100.0, "percent_statements_covered_display": "100"}, "missing_lines": [], "excluded_lines": [], "start_line": 98}, "text_document_did_save": {"executed_lines": [111, 112, 113, 114], "summary": {"covered_lines": 4, "num_statements": 4, "percent_covered": 100.0, "percent_covered_display": "100", "missing_lines": 0, "excluded_lines": 0, "percent_statements_covered": 100.0, "percent_statements_covered_display": "100"}, "missing_lines": [], "excluded_lines": [], "start_line": 109}, "completions": {"executed_lines": [120, 121, 123, 124, 126], "summary": {"covered_lines": 5, "num_statements": 5, "percent_covered": 100.0, "percent_covered_display": "100", "missing_lines": 0, "excluded_lines": 0, "percent_statements_covered": 100.0, "percent_statements_covered_display": "100"}, "missing_lines": [], "excluded_lines": [], "start_line": 118}, "hover": {"executed_lines": [134, 135, 137, 138, 140], "summary": {"covered_lines": 5, "num_statements": 5, "percent_covered": 100.0, "percent_covered_display": "100", "missing_lines": 0, "excluded_lines": 0, "percent_statements_covered": 100.0, "percent_statements_covered_display": "100"}, "missing_lines": [], "excluded_lines": [], "start_line": 132}, "_publish_diagnostics": {"executed_lines": [145, 146], "summary": {"covered_lines": 2, "num_statements": 2, "percent_covered": 100.0, "percent_covered_display": "100", "missing_lines": 0, "excluded_lines": 0, "percent_statements_covered": 100.0, "percent_statements_covered_display": "100"}, "missing_lines": [], "excluded_lines": [], "start_line": 143}, "main": {"executed_lines": [151, 152, 157, 162, 167, 173, 179, 181, 182, 183, 185, 186], "summary": {"covered_lines": 12, "num_statements": 12, "percent_covered": 100.0, "percent_covered_display": "100", "missing_lines": 0, "excluded_lines": 0, "percent_statements_covered": 100.0, "percent_statements_covered_display": "100"}, "missing_lines": [], "excluded_lines": [], "start_line": 149}, "": {"executed_lines": [7, 8, 9, 11, 29, 31, 32, 33, 36, 37, 40, 43, 52, 56, 62, 65, 66, 86, 87, 97, 98, 108, 109, 117, 118, 131, 132, 143, 149, 189], "summary": {"covered_lines": 30, "num_statements": 31, "percent_covered": 96.7741935483871, "percent_covered_display": "97", "missing_lines": 1, "excluded_lines": 0, "percent_statements_covered": 96.7741935483871, "percent_statements_covered_display": "97"}, "missing_lines": [190], "excluded_lines": [], "start_line": 1}}, "classes": {"VASPLanguageServer": {"executed_lines": [44, 45, 46, 47, 50, 54, 58], "summary": {"covered_lines": 7, "num_statements": 7, "percent_covered": 100.0, "percent_covered_display": "100", "missing_lines": 0, "excluded_lines": 0, "percent_statements_covered": 100.0, "percent_statements_covered_display": "100"}, "missing_lines": [], "excluded_lines": [], "start_line": 40}, "": {"executed_lines": [7, 8, 9, 11, 29, 31, 32, 33, 36, 37, 40, 43, 52, 56, 62, 65, 66, 68, 69, 71, 83, 86, 87, 89, 90, 91, 94, 97, 98, 100, 102, 103, 104, 105, 108, 109, 111, 112, 113, 114, 117, 118, 120, 121, 123, 124, 126, 131, 132, 134, 135, 137, 138, 140, 143, 145, 146, 149, 151, 152, 157, 162, 167, 173, 179, 181, 182, 183, 185, 186, 189], "summary": {"covered_lines": 71, "num_statements": 72, "percent_covered": 98.61111111111111, "percent_covered_display": "99", "missing_lines": 1, "excluded_lines": 0, "percent_statements_covered": 98.61111111111111, "percent_statements_covered_display": "99"}, "missing_lines": [190], "excluded_lines": [], "start_line": 1}}}}, "totals": {"covered_lines": 643, "num_statements": 693, "percent_covered": 92.78499278499278, "percent_covered_display": "93", "missing_lines": 50, "excluded_lines": 0, "percent_statements_covered": 92.78499278499278, "percent_statements_covered_display": "93"}}